<?xml version="1.0" encoding="UTF-8"?>
<!-- Generated by org.testng.reporters.JUnitReportReporter -->
<testsuite hostname="SILPA_M" failures="0" tests="2" name="testpkg.Ahamtest" time="5.054" errors="1" timestamp="2024-05-09T11:43:50 IST" skipped="0">
  <testcase classname="testpkg.Ahamtest" name="icon" time="3.873"/>
  <testcase classname="testpkg.Ahamtest" name="login" time="1.181">
    <error type="java.lang.StackOverflowError">
      <![CDATA[java.lang.StackOverflowError
at pagepkg.Ahampage.clear(Ahampage.java:28)
at pagepkg.Ahampage.clear(Ahampage.java:28)
at pagepkg.Ahampage.clear(Ahampage.java:28)
at pagepkg.Ahampage.clear(Ahampage.java:28)
at pagepkg.Ahampage.clear(Ahampage.java:28)
at pagepkg.Ahampage.clear(Ahampage.java:28)
at pagepkg.Ahampage.clear(Ahampage.java:28)
at pagepkg.Ahampage.clear(Ahampage.java:28)
at pagepkg.Ahampage.clear(Ahampage.java:28)
at pagepkg.Ahampage.clear(Ahampage.java:28)
at pagepkg.Ahampage.clear(Ahampage.java:28)
at pagepkg.Ahampage.clear(Ahampage.java:28)
at pagepkg.Ahampage.clear(Ahampage.java:28)
at pagepkg.Ahampage.clear(Ahampage.java:28)
at pagepkg.Ahampage.clear(Ahampage.java:28)
at pagepkg.Ahampage.clear(Ahampage.java:28)
at pagepkg.Ahampage.clear(Ahampage.java:28)
at pagepkg.Ahampage.clear(Ahampage.java:28)
at pagepkg.Ahampage.clear(Ahampage.java:28)
at pagepkg.Ahampage.clear(Ahampage.java:28)
at pagepkg.Ahampage.clear(Ahampage.java:28)
at pagepkg.Ahampage.clear(Ahampage.java:28)
at pagepkg.Ahampage.clear(Ahampage.java:28)
at pagepkg.Ahampage.clear(Ahampage.java:28)
at pagepkg.Ahampage.clear(Ahampage.java:28)
at pagepkg.Ahampage.clear(Ahampage.java:28)
at pagepkg.Ahampage.clear(Ahampage.java:28)
at pagepkg.Ahampage.clear(Ahampage.java:28)
at pagepkg.Ahampage.clear(Ahampage.java:28)
at pagepkg.Ahampage.clear(Ahampage.java:28)
at pagepkg.Ahampage.clear(Ahampage.java:28)
at pagepkg.Ahampage.clear(Ahampage.java:28)
at pagepkg.Ahampage.clear(Ahampage.java:28)
at pagepkg.Ahampage.clear(Ahampage.java:28)
at pagepkg.Ahampage.clear(Ahampage.java:28)
at pagepkg.Ahampage.clear(Ahampage.java:28)
at pagepkg.Ahampage.clear(Ahampage.java:28)
at pagepkg.Ahampage.clear(Ahampage.java:28)
at pagepkg.Ahampage.clear(Ahampage.java:28)
at pagepkg.Ahampage.clear(Ahampage.java:28)
at pagepkg.Ahampage.clear(Ahampage.java:28)
at pagepkg.Ahampage.clear(Ahampage.java:28)
at pagepkg.Ahampage.clear(Ahampage.java:28)
at pagepkg.Ahampage.clear(Ahampage.java:28)
at pagepkg.Ahampage.clear(Ahampage.java:28)
at pagepkg.Ahampage.clear(Ahampage.java:28)
at pagepkg.Ahampage.clear(Ahampage.java:28)
at pagepkg.Ahampage.clear(Ahampage.java:28)
at pagepkg.Ahampage.clear(Ahampage.java:28)
at pagepkg.Ahampage.clear(Ahampage.java:28)
at pagepkg.Ahampage.clear(Ahampage.java:28)
at pagepkg.Ahampage.clear(Ahampage.java:28)
at pagepkg.Ahampage.clear(Ahampage.java:28)
at pagepkg.Ahampage.clear(Ahampage.java:28)
at pagepkg.Ahampage.clear(Ahampage.java:28)
at pagepkg.Ahampage.clear(Ahampage.java:28)
at pagepkg.Ahampage.clear(Ahampage.java:28)
at pagepkg.Ahampage.clear(Ahampage.java:28)
at pagepkg.Ahampage.clear(Ahampage.java:28)
at pagepkg.Ahampage.clear(Ahampage.java:28)
at pagepkg.Ahampage.clear(Ahampage.java:28)
at pagepkg.Ahampage.clear(Ahampage.java:28)
at pagepkg.Ahampage.clear(Ahampage.java:28)
at pagepkg.Ahampage.clear(Ahampage.java:28)
at pagepkg.Ahampage.clear(Ahampage.java:28)
at pagepkg.Ahampage.clear(Ahampage.java:28)
at pagepkg.Ahampage.clear(Ahampage.java:28)
at pagepkg.Ahampage.clear(Ahampage.java:28)
at pagepkg.Ahampage.clear(Ahampage.java:28)
at pagepkg.Ahampage.clear(Ahampage.java:28)
at pagepkg.Ahampage.clear(Ahampage.java:28)
at pagepkg.Ahampage.clear(Ahampage.java:28)
at pagepkg.Ahampage.clear(Ahampage.java:28)
at pagepkg.Ahampage.clear(Ahampage.java:28)
at pagepkg.Ahampage.clear(Ahampage.java:28)
at pagepkg.Ahampage.clear(Ahampage.java:28)
at pagepkg.Ahampage.clear(Ahampage.java:28)
at pagepkg.Ahampage.clear(Ahampage.java:28)
at pagepkg.Ahampage.clear(Ahampage.java:28)
at pagepkg.Ahampage.clear(Ahampage.java:28)
at pagepkg.Ahampage.clear(Ahampage.java:28)
at pagepkg.Ahampage.clear(Ahampage.java:28)
at pagepkg.Ahampage.clear(Ahampage.java:28)
at pagepkg.Ahampage.clear(Ahampage.java:28)
at pagepkg.Ahampage.clear(Ahampage.java:28)
at pagepkg.Ahampage.clear(Ahampage.java:28)
at pagepkg.Ahampage.clear(Ahampage.java:28)
at pagepkg.Ahampage.clear(Ahampage.java:28)
at pagepkg.Ahampage.clear(Ahampage.java:28)
at pagepkg.Ahampage.clear(Ahampage.java:28)
at pagepkg.Ahampage.clear(Ahampage.java:28)
at pagepkg.Ahampage.clear(Ahampage.java:28)
at pagepkg.Ahampage.clear(Ahampage.java:28)
at pagepkg.Ahampage.clear(Ahampage.java:28)
at pagepkg.Ahampage.clear(Ahampage.java:28)
at pagepkg.Ahampage.clear(Ahampage.java:28)
at pagepkg.Ahampage.clear(Ahampage.java:28)
at pagepkg.Ahampage.clear(Ahampage.java:28)
at pagepkg.Ahampage.clear(Ahampage.java:28)
at pagepkg.Ahampage.clear(Ahampage.java:28)
at pagepkg.Ahampage.clear(Ahampage.java:28)
at pagepkg.Ahampage.clear(Ahampage.java:28)
at pagepkg.Ahampage.clear(Ahampage.java:28)
at pagepkg.Ahampage.clear(Ahampage.java:28)
at pagepkg.Ahampage.clear(Ahampage.java:28)
at pagepkg.Ahampage.clear(Ahampage.java:28)
at pagepkg.Ahampage.clear(Ahampage.java:28)
at pagepkg.Ahampage.clear(Ahampage.java:28)
at pagepkg.Ahampage.clear(Ahampage.java:28)
at pagepkg.Ahampage.clear(Ahampage.java:28)
at pagepkg.Ahampage.clear(Ahampage.java:28)
at pagepkg.Ahampage.clear(Ahampage.java:28)
at pagepkg.Ahampage.clear(Ahampage.java:28)
at pagepkg.Ahampage.clear(Ahampage.java:28)
at pagepkg.Ahampage.clear(Ahampage.java:28)
at pagepkg.Ahampage.clear(Ahampage.java:28)
at pagepkg.Ahampage.clear(Ahampage.java:28)
at pagepkg.Ahampage.clear(Ahampage.java:28)
at pagepkg.Ahampage.clear(Ahampage.java:28)
at pagepkg.Ahampage.clear(Ahampage.java:28)
at pagepkg.Ahampage.clear(Ahampage.java:28)
at pagepkg.Ahampage.clear(Ahampage.java:28)
at pagepkg.Ahampage.clear(Ahampage.java:28)
at pagepkg.Ahampage.clear(Ahampage.java:28)
at pagepkg.Ahampage.clear(Ahampage.java:28)
at pagepkg.Ahampage.clear(Ahampage.java:28)
at pagepkg.Ahampage.clear(Ahampage.java:28)
at pagepkg.Ahampage.clear(Ahampage.java:28)
at pagepkg.Ahampage.clear(Ahampage.java:28)
at pagepkg.Ahampage.clear(Ahampage.java:28)
at pagepkg.Ahampage.clear(Ahampage.java:28)
at pagepkg.Ahampage.clear(Ahampage.java:28)
at pagepkg.Ahampage.clear(Ahampage.java:28)
at pagepkg.Ahampage.clear(Ahampage.java:28)
at pagepkg.Ahampage.clear(Ahampage.java:28)
at pagepkg.Ahampage.clear(Ahampage.java:28)
at pagepkg.Ahampage.clear(Ahampage.java:28)
at pagepkg.Ahampage.clear(Ahampage.java:28)
at pagepkg.Ahampage.clear(Ahampage.java:28)
at pagepkg.Ahampage.clear(Ahampage.java:28)
at pagepkg.Ahampage.clear(Ahampage.java:28)
at pagepkg.Ahampage.clear(Ahampage.java:28)
at pagepkg.Ahampage.clear(Ahampage.java:28)
at pagepkg.Ahampage.clear(Ahampage.java:28)
at pagepkg.Ahampage.clear(Ahampage.java:28)
at pagepkg.Ahampage.clear(Ahampage.java:28)
at pagepkg.Ahampage.clear(Ahampage.java:28)
at pagepkg.Ahampage.clear(Ahampage.java:28)
at pagepkg.Ahampage.clear(Ahampage.java:28)
at pagepkg.Ahampage.clear(Ahampage.java:28)
at pagepkg.Ahampage.clear(Ahampage.java:28)
at pagepkg.Ahampage.clear(Ahampage.java:28)
at pagepkg.Ahampage.clear(Ahampage.java:28)
at pagepkg.Ahampage.clear(Ahampage.java:28)
at pagepkg.Ahampage.clear(Ahampage.java:28)
at pagepkg.Ahampage.clear(Ahampage.java:28)
at pagepkg.Ahampage.clear(Ahampage.java:28)
at pagepkg.Ahampage.clear(Ahampage.java:28)
at pagepkg.Ahampage.clear(Ahampage.java:28)
at pagepkg.Ahampage.clear(Ahampage.java:28)
at pagepkg.Ahampage.clear(Ahampage.java:28)
at pagepkg.Ahampage.clear(Ahampage.java:28)
at pagepkg.Ahampage.clear(Ahampage.java:28)
at pagepkg.Ahampage.clear(Ahampage.java:28)
at pagepkg.Ahampage.clear(Ahampage.java:28)
at pagepkg.Ahampage.clear(Ahampage.java:28)
at pagepkg.Ahampage.clear(Ahampage.java:28)
at pagepkg.Ahampage.clear(Ahampage.java:28)
at pagepkg.Ahampage.clear(Ahampage.java:28)
at pagepkg.Ahampage.clear(Ahampage.java:28)
at pagepkg.Ahampage.clear(Ahampage.java:28)
at pagepkg.Ahampage.clear(Ahampage.java:28)
at pagepkg.Ahampage.clear(Ahampage.java:28)
at pagepkg.Ahampage.clear(Ahampage.java:28)
at pagepkg.Ahampage.clear(Ahampage.java:28)
at pagepkg.Ahampage.clear(Ahampage.java:28)
at pagepkg.Ahampage.clear(Ahampage.java:28)
at pagepkg.Ahampage.clear(Ahampage.java:28)
at pagepkg.Ahampage.clear(Ahampage.java:28)
at pagepkg.Ahampage.clear(Ahampage.java:28)
at pagepkg.Ahampage.clear(Ahampage.java:28)
at pagepkg.Ahampage.clear(Ahampage.java:28)
at pagepkg.Ahampage.clear(Ahampage.java:28)
at pagepkg.Ahampage.clear(Ahampage.java:28)
at pagepkg.Ahampage.clear(Ahampage.java:28)
at pagepkg.Ahampage.clear(Ahampage.java:28)
at pagepkg.Ahampage.clear(Ahampage.java:28)
at pagepkg.Ahampage.clear(Ahampage.java:28)
at pagepkg.Ahampage.clear(Ahampage.java:28)
at pagepkg.Ahampage.clear(Ahampage.java:28)
at pagepkg.Ahampage.clear(Ahampage.java:28)
at pagepkg.Ahampage.clear(Ahampage.java:28)
at pagepkg.Ahampage.clear(Ahampage.java:28)
at pagepkg.Ahampage.clear(Ahampage.java:28)
at pagepkg.Ahampage.clear(Ahampage.java:28)
at pagepkg.Ahampage.clear(Ahampage.java:28)
at pagepkg.Ahampage.clear(Ahampage.java:28)
at pagepkg.Ahampage.clear(Ahampage.java:28)
at pagepkg.Ahampage.clear(Ahampage.java:28)
at pagepkg.Ahampage.clear(Ahampage.java:28)
at pagepkg.Ahampage.clear(Ahampage.java:28)
at pagepkg.Ahampage.clear(Ahampage.java:28)
at pagepkg.Ahampage.clear(Ahampage.java:28)
at pagepkg.Ahampage.clear(Ahampage.java:28)
at pagepkg.Ahampage.clear(Ahampage.java:28)
at pagepkg.Ahampage.clear(Ahampage.java:28)
at pagepkg.Ahampage.clear(Ahampage.java:28)
at pagepkg.Ahampage.clear(Ahampage.java:28)
at pagepkg.Ahampage.clear(Ahampage.java:28)
at pagepkg.Ahampage.clear(Ahampage.java:28)
at pagepkg.Ahampage.clear(Ahampage.java:28)
at pagepkg.Ahampage.clear(Ahampage.java:28)
at pagepkg.Ahampage.clear(Ahampage.java:28)
at pagepkg.Ahampage.clear(Ahampage.java:28)
at pagepkg.Ahampage.clear(Ahampage.java:28)
at pagepkg.Ahampage.clear(Ahampage.java:28)
at pagepkg.Ahampage.clear(Ahampage.java:28)
at pagepkg.Ahampage.clear(Ahampage.java:28)
at pagepkg.Ahampage.clear(Ahampage.java:28)
at pagepkg.Ahampage.clear(Ahampage.java:28)
at pagepkg.Ahampage.clear(Ahampage.java:28)
at pagepkg.Ahampage.clear(Ahampage.java:28)
at pagepkg.Ahampage.clear(Ahampage.java:28)
at pagepkg.Ahampage.clear(Ahampage.java:28)
at pagepkg.Ahampage.clear(Ahampage.java:28)
at pagepkg.Ahampage.clear(Ahampage.java:28)
at pagepkg.Ahampage.clear(Ahampage.java:28)
at pagepkg.Ahampage.clear(Ahampage.java:28)
at pagepkg.Ahampage.clear(Ahampage.java:28)
at pagepkg.Ahampage.clear(Ahampage.java:28)
at pagepkg.Ahampage.clear(Ahampage.java:28)
at pagepkg.Ahampage.clear(Ahampage.java:28)
at pagepkg.Ahampage.clear(Ahampage.java:28)
at pagepkg.Ahampage.clear(Ahampage.java:28)
at pagepkg.Ahampage.clear(Ahampage.java:28)
at pagepkg.Ahampage.clear(Ahampage.java:28)
at pagepkg.Ahampage.clear(Ahampage.java:28)
at pagepkg.Ahampage.clear(Ahampage.java:28)
at pagepkg.Ahampage.clear(Ahampage.java:28)
at pagepkg.Ahampage.clear(Ahampage.java:28)
at pagepkg.Ahampage.clear(Ahampage.java:28)
at pagepkg.Ahampage.clear(Ahampage.java:28)
at pagepkg.Ahampage.clear(Ahampage.java:28)
at pagepkg.Ahampage.clear(Ahampage.java:28)
at pagepkg.Ahampage.clear(Ahampage.java:28)
at pagepkg.Ahampage.clear(Ahampage.java:28)
at pagepkg.Ahampage.clear(Ahampage.java:28)
at pagepkg.Ahampage.clear(Ahampage.java:28)
at pagepkg.Ahampage.clear(Ahampage.java:28)
at pagepkg.Ahampage.clear(Ahampage.java:28)
at pagepkg.Ahampage.clear(Ahampage.java:28)
at pagepkg.Ahampage.clear(Ahampage.java:28)
at pagepkg.Ahampage.clear(Ahampage.java:28)
at pagepkg.Ahampage.clear(Ahampage.java:28)
at pagepkg.Ahampage.clear(Ahampage.java:28)
at pagepkg.Ahampage.clear(Ahampage.java:28)
at pagepkg.Ahampage.clear(Ahampage.java:28)
at pagepkg.Ahampage.clear(Ahampage.java:28)
at pagepkg.Ahampage.clear(Ahampage.java:28)
at pagepkg.Ahampage.clear(Ahampage.java:28)
at pagepkg.Ahampage.clear(Ahampage.java:28)
at pagepkg.Ahampage.clear(Ahampage.java:28)
at pagepkg.Ahampage.clear(Ahampage.java:28)
at pagepkg.Ahampage.clear(Ahampage.java:28)
at pagepkg.Ahampage.clear(Ahampage.java:28)
at pagepkg.Ahampage.clear(Ahampage.java:28)
at pagepkg.Ahampage.clear(Ahampage.java:28)
at pagepkg.Ahampage.clear(Ahampage.java:28)
at pagepkg.Ahampage.clear(Ahampage.java:28)
at pagepkg.Ahampage.clear(Ahampage.java:28)
at pagepkg.Ahampage.clear(Ahampage.java:28)
at pagepkg.Ahampage.clear(Ahampage.java:28)
at pagepkg.Ahampage.clear(Ahampage.java:28)
at pagepkg.Ahampage.clear(Ahampage.java:28)
at pagepkg.Ahampage.clear(Ahampage.java:28)
at pagepkg.Ahampage.clear(Ahampage.java:28)
at pagepkg.Ahampage.clear(Ahampage.java:28)
at pagepkg.Ahampage.clear(Ahampage.java:28)
at pagepkg.Ahampage.clear(Ahampage.java:28)
at pagepkg.Ahampage.clear(Ahampage.java:28)
at pagepkg.Ahampage.clear(Ahampage.java:28)
at pagepkg.Ahampage.clear(Ahampage.java:28)
at pagepkg.Ahampage.clear(Ahampage.java:28)
at pagepkg.Ahampage.clear(Ahampage.java:28)
at pagepkg.Ahampage.clear(Ahampage.java:28)
at pagepkg.Ahampage.clear(Ahampage.java:28)
at pagepkg.Ahampage.clear(Ahampage.java:28)
at pagepkg.Ahampage.clear(Ahampage.java:28)
at pagepkg.Ahampage.clear(Ahampage.java:28)
at pagepkg.Ahampage.clear(Ahampage.java:28)
at pagepkg.Ahampage.clear(Ahampage.java:28)
at pagepkg.Ahampage.clear(Ahampage.java:28)
at pagepkg.Ahampage.clear(Ahampage.java:28)
at pagepkg.Ahampage.clear(Ahampage.java:28)
at pagepkg.Ahampage.clear(Ahampage.java:28)
at pagepkg.Ahampage.clear(Ahampage.java:28)
at pagepkg.Ahampage.clear(Ahampage.java:28)
at pagepkg.Ahampage.clear(Ahampage.java:28)
at pagepkg.Ahampage.clear(Ahampage.java:28)
at pagepkg.Ahampage.clear(Ahampage.java:28)
at pagepkg.Ahampage.clear(Ahampage.java:28)
at pagepkg.Ahampage.clear(Ahampage.java:28)
at pagepkg.Ahampage.clear(Ahampage.java:28)
at pagepkg.Ahampage.clear(Ahampage.java:28)
at pagepkg.Ahampage.clear(Ahampage.java:28)
at pagepkg.Ahampage.clear(Ahampage.java:28)
at pagepkg.Ahampage.clear(Ahampage.java:28)
at pagepkg.Ahampage.clear(Ahampage.java:28)
at pagepkg.Ahampage.clear(Ahampage.java:28)
at pagepkg.Ahampage.clear(Ahampage.java:28)
at pagepkg.Ahampage.clear(Ahampage.java:28)
at pagepkg.Ahampage.clear(Ahampage.java:28)
at pagepkg.Ahampage.clear(Ahampage.java:28)
at pagepkg.Ahampage.clear(Ahampage.java:28)
at pagepkg.Ahampage.clear(Ahampage.java:28)
at pagepkg.Ahampage.clear(Ahampage.java:28)
at pagepkg.Ahampage.clear(Ahampage.java:28)
at pagepkg.Ahampage.clear(Ahampage.java:28)
at pagepkg.Ahampage.clear(Ahampage.java:28)
at pagepkg.Ahampage.clear(Ahampage.java:28)
at pagepkg.Ahampage.clear(Ahampage.java:28)
at pagepkg.Ahampage.clear(Ahampage.java:28)
at pagepkg.Ahampage.clear(Ahampage.java:28)
at pagepkg.Ahampage.clear(Ahampage.java:28)
at pagepkg.Ahampage.clear(Ahampage.java:28)
at pagepkg.Ahampage.clear(Ahampage.java:28)
at pagepkg.Ahampage.clear(Ahampage.java:28)
at pagepkg.Ahampage.clear(Ahampage.java:28)
at pagepkg.Ahampage.clear(Ahampage.java:28)
at pagepkg.Ahampage.clear(Ahampage.java:28)
at pagepkg.Ahampage.clear(Ahampage.java:28)
at pagepkg.Ahampage.clear(Ahampage.java:28)
at pagepkg.Ahampage.clear(Ahampage.java:28)
at pagepkg.Ahampage.clear(Ahampage.java:28)
at pagepkg.Ahampage.clear(Ahampage.java:28)
at pagepkg.Ahampage.clear(Ahampage.java:28)
at pagepkg.Ahampage.clear(Ahampage.java:28)
at pagepkg.Ahampage.clear(Ahampage.java:28)
at pagepkg.Ahampage.clear(Ahampage.java:28)
at pagepkg.Ahampage.clear(Ahampage.java:28)
at pagepkg.Ahampage.clear(Ahampage.java:28)
at pagepkg.Ahampage.clear(Ahampage.java:28)
at pagepkg.Ahampage.clear(Ahampage.java:28)
at pagepkg.Ahampage.clear(Ahampage.java:28)
at pagepkg.Ahampage.clear(Ahampage.java:28)
at pagepkg.Ahampage.clear(Ahampage.java:28)
at pagepkg.Ahampage.clear(Ahampage.java:28)
at pagepkg.Ahampage.clear(Ahampage.java:28)
at pagepkg.Ahampage.clear(Ahampage.java:28)
at pagepkg.Ahampage.clear(Ahampage.java:28)
at pagepkg.Ahampage.clear(Ahampage.java:28)
at pagepkg.Ahampage.clear(Ahampage.java:28)
at pagepkg.Ahampage.clear(Ahampage.java:28)
at pagepkg.Ahampage.clear(Ahampage.java:28)
at pagepkg.Ahampage.clear(Ahampage.java:28)
at pagepkg.Ahampage.clear(Ahampage.java:28)
at pagepkg.Ahampage.clear(Ahampage.java:28)
at pagepkg.Ahampage.clear(Ahampage.java:28)
at pagepkg.Ahampage.clear(Ahampage.java:28)
at pagepkg.Ahampage.clear(Ahampage.java:28)
at pagepkg.Ahampage.clear(Ahampage.java:28)
at pagepkg.Ahampage.clear(Ahampage.java:28)
at pagepkg.Ahampage.clear(Ahampage.java:28)
at pagepkg.Ahampage.clear(Ahampage.java:28)
at pagepkg.Ahampage.clear(Ahampage.java:28)
at pagepkg.Ahampage.clear(Ahampage.java:28)
at pagepkg.Ahampage.clear(Ahampage.java:28)
at pagepkg.Ahampage.clear(Ahampage.java:28)
at pagepkg.Ahampage.clear(Ahampage.java:28)
at pagepkg.Ahampage.clear(Ahampage.java:28)
at pagepkg.Ahampage.clear(Ahampage.java:28)
at pagepkg.Ahampage.clear(Ahampage.java:28)
at pagepkg.Ahampage.clear(Ahampage.java:28)
at pagepkg.Ahampage.clear(Ahampage.java:28)
at pagepkg.Ahampage.clear(Ahampage.java:28)
at pagepkg.Ahampage.clear(Ahampage.java:28)
at pagepkg.Ahampage.clear(Ahampage.java:28)
at pagepkg.Ahampage.clear(Ahampage.java:28)
at pagepkg.Ahampage.clear(Ahampage.java:28)
at pagepkg.Ahampage.clear(Ahampage.java:28)
at pagepkg.Ahampage.clear(Ahampage.java:28)
at pagepkg.Ahampage.clear(Ahampage.java:28)
at pagepkg.Ahampage.clear(Ahampage.java:28)
at pagepkg.Ahampage.clear(Ahampage.java:28)
at pagepkg.Ahampage.clear(Ahampage.java:28)
at pagepkg.Ahampage.clear(Ahampage.java:28)
at pagepkg.Ahampage.clear(Ahampage.java:28)
at pagepkg.Ahampage.clear(Ahampage.java:28)
at pagepkg.Ahampage.clear(Ahampage.java:28)
at pagepkg.Ahampage.clear(Ahampage.java:28)
at pagepkg.Ahampage.clear(Ahampage.java:28)
at pagepkg.Ahampage.clear(Ahampage.java:28)
at pagepkg.Ahampage.clear(Ahampage.java:28)
at pagepkg.Ahampage.clear(Ahampage.java:28)
at pagepkg.Ahampage.clear(Ahampage.java:28)
at pagepkg.Ahampage.clear(Ahampage.java:28)
at pagepkg.Ahampage.clear(Ahampage.java:28)
at pagepkg.Ahampage.clear(Ahampage.java:28)
at pagepkg.Ahampage.clear(Ahampage.java:28)
at pagepkg.Ahampage.clear(Ahampage.java:28)
at pagepkg.Ahampage.clear(Ahampage.java:28)
at pagepkg.Ahampage.clear(Ahampage.java:28)
at pagepkg.Ahampage.clear(Ahampage.java:28)
at pagepkg.Ahampage.clear(Ahampage.java:28)
at pagepkg.Ahampage.clear(Ahampage.java:28)
at pagepkg.Ahampage.clear(Ahampage.java:28)
at pagepkg.Ahampage.clear(Ahampage.java:28)
at pagepkg.Ahampage.clear(Ahampage.java:28)
at pagepkg.Ahampage.clear(Ahampage.java:28)
at pagepkg.Ahampage.clear(Ahampage.java:28)
at pagepkg.Ahampage.clear(Ahampage.java:28)
at pagepkg.Ahampage.clear(Ahampage.java:28)
at pagepkg.Ahampage.clear(Ahampage.java:28)
at pagepkg.Ahampage.clear(Ahampage.java:28)
at pagepkg.Ahampage.clear(Ahampage.java:28)
at pagepkg.Ahampage.clear(Ahampage.java:28)
at pagepkg.Ahampage.clear(Ahampage.java:28)
at pagepkg.Ahampage.clear(Ahampage.java:28)
at pagepkg.Ahampage.clear(Ahampage.java:28)
at pagepkg.Ahampage.clear(Ahampage.java:28)
at pagepkg.Ahampage.clear(Ahampage.java:28)
at pagepkg.Ahampage.clear(Ahampage.java:28)
at pagepkg.Ahampage.clear(Ahampage.java:28)
at pagepkg.Ahampage.clear(Ahampage.java:28)
at pagepkg.Ahampage.clear(Ahampage.java:28)
at pagepkg.Ahampage.clear(Ahampage.java:28)
at pagepkg.Ahampage.clear(Ahampage.java:28)
at pagepkg.Ahampage.clear(Ahampage.java:28)
at pagepkg.Ahampage.clear(Ahampage.java:28)
at pagepkg.Ahampage.clear(Ahampage.java:28)
at pagepkg.Ahampage.clear(Ahampage.java:28)
at pagepkg.Ahampage.clear(Ahampage.java:28)
at pagepkg.Ahampage.clear(Ahampage.java:28)
at pagepkg.Ahampage.clear(Ahampage.java:28)
at pagepkg.Ahampage.clear(Ahampage.java:28)
at pagepkg.Ahampage.clear(Ahampage.java:28)
at pagepkg.Ahampage.clear(Ahampage.java:28)
at pagepkg.Ahampage.clear(Ahampage.java:28)
at pagepkg.Ahampage.clear(Ahampage.java:28)
at pagepkg.Ahampage.clear(Ahampage.java:28)
at pagepkg.Ahampage.clear(Ahampage.java:28)
at pagepkg.Ahampage.clear(Ahampage.java:28)
at pagepkg.Ahampage.clear(Ahampage.java:28)
at pagepkg.Ahampage.clear(Ahampage.java:28)
at pagepkg.Ahampage.clear(Ahampage.java:28)
at pagepkg.Ahampage.clear(Ahampage.java:28)
at pagepkg.Ahampage.clear(Ahampage.java:28)
at pagepkg.Ahampage.clear(Ahampage.java:28)
at pagepkg.Ahampage.clear(Ahampage.java:28)
at pagepkg.Ahampage.clear(Ahampage.java:28)
at pagepkg.Ahampage.clear(Ahampage.java:28)
at pagepkg.Ahampage.clear(Ahampage.java:28)
at pagepkg.Ahampage.clear(Ahampage.java:28)
at pagepkg.Ahampage.clear(Ahampage.java:28)
at pagepkg.Ahampage.clear(Ahampage.java:28)
at pagepkg.Ahampage.clear(Ahampage.java:28)
at pagepkg.Ahampage.clear(Ahampage.java:28)
at pagepkg.Ahampage.clear(Ahampage.java:28)
at pagepkg.Ahampage.clear(Ahampage.java:28)
at pagepkg.Ahampage.clear(Ahampage.java:28)
at pagepkg.Ahampage.clear(Ahampage.java:28)
at pagepkg.Ahampage.clear(Ahampage.java:28)
at pagepkg.Ahampage.clear(Ahampage.java:28)
at pagepkg.Ahampage.clear(Ahampage.java:28)
at pagepkg.Ahampage.clear(Ahampage.java:28)
at pagepkg.Ahampage.clear(Ahampage.java:28)
at pagepkg.Ahampage.clear(Ahampage.java:28)
at pagepkg.Ahampage.clear(Ahampage.java:28)
at pagepkg.Ahampage.clear(Ahampage.java:28)
at pagepkg.Ahampage.clear(Ahampage.java:28)
at pagepkg.Ahampage.clear(Ahampage.java:28)
at pagepkg.Ahampage.clear(Ahampage.java:28)
at pagepkg.Ahampage.clear(Ahampage.java:28)
at pagepkg.Ahampage.clear(Ahampage.java:28)
at pagepkg.Ahampage.clear(Ahampage.java:28)
at pagepkg.Ahampage.clear(Ahampage.java:28)
at pagepkg.Ahampage.clear(Ahampage.java:28)
at pagepkg.Ahampage.clear(Ahampage.java:28)
at pagepkg.Ahampage.clear(Ahampage.java:28)
at pagepkg.Ahampage.clear(Ahampage.java:28)
at pagepkg.Ahampage.clear(Ahampage.java:28)
at pagepkg.Ahampage.clear(Ahampage.java:28)
at pagepkg.Ahampage.clear(Ahampage.java:28)
at pagepkg.Ahampage.clear(Ahampage.java:28)
at pagepkg.Ahampage.clear(Ahampage.java:28)
at pagepkg.Ahampage.clear(Ahampage.java:28)
at pagepkg.Ahampage.clear(Ahampage.java:28)
at pagepkg.Ahampage.clear(Ahampage.java:28)
at pagepkg.Ahampage.clear(Ahampage.java:28)
at pagepkg.Ahampage.clear(Ahampage.java:28)
at pagepkg.Ahampage.clear(Ahampage.java:28)
at pagepkg.Ahampage.clear(Ahampage.java:28)
at pagepkg.Ahampage.clear(Ahampage.java:28)
at pagepkg.Ahampage.clear(Ahampage.java:28)
at pagepkg.Ahampage.clear(Ahampage.java:28)
at pagepkg.Ahampage.clear(Ahampage.java:28)
at pagepkg.Ahampage.clear(Ahampage.java:28)
at pagepkg.Ahampage.clear(Ahampage.java:28)
at pagepkg.Ahampage.clear(Ahampage.java:28)
at pagepkg.Ahampage.clear(Ahampage.java:28)
at pagepkg.Ahampage.clear(Ahampage.java:28)
at pagepkg.Ahampage.clear(Ahampage.java:28)
at pagepkg.Ahampage.clear(Ahampage.java:28)
at pagepkg.Ahampage.clear(Ahampage.java:28)
at pagepkg.Ahampage.clear(Ahampage.java:28)
at pagepkg.Ahampage.clear(Ahampage.java:28)
at pagepkg.Ahampage.clear(Ahampage.java:28)
at pagepkg.Ahampage.clear(Ahampage.java:28)
at pagepkg.Ahampage.clear(Ahampage.java:28)
at pagepkg.Ahampage.clear(Ahampage.java:28)
at pagepkg.Ahampage.clear(Ahampage.java:28)
at pagepkg.Ahampage.clear(Ahampage.java:28)
at pagepkg.Ahampage.clear(Ahampage.java:28)
at pagepkg.Ahampage.clear(Ahampage.java:28)
at pagepkg.Ahampage.clear(Ahampage.java:28)
at pagepkg.Ahampage.clear(Ahampage.java:28)
at pagepkg.Ahampage.clear(Ahampage.java:28)
at pagepkg.Ahampage.clear(Ahampage.java:28)
at pagepkg.Ahampage.clear(Ahampage.java:28)
at pagepkg.Ahampage.clear(Ahampage.java:28)
at pagepkg.Ahampage.clear(Ahampage.java:28)
at pagepkg.Ahampage.clear(Ahampage.java:28)
at pagepkg.Ahampage.clear(Ahampage.java:28)
at pagepkg.Ahampage.clear(Ahampage.java:28)
at pagepkg.Ahampage.clear(Ahampage.java:28)
at pagepkg.Ahampage.clear(Ahampage.java:28)
at pagepkg.Ahampage.clear(Ahampage.java:28)
at pagepkg.Ahampage.clear(Ahampage.java:28)
at pagepkg.Ahampage.clear(Ahampage.java:28)
at pagepkg.Ahampage.clear(Ahampage.java:28)
at pagepkg.Ahampage.clear(Ahampage.java:28)
at pagepkg.Ahampage.clear(Ahampage.java:28)
at pagepkg.Ahampage.clear(Ahampage.java:28)
at pagepkg.Ahampage.clear(Ahampage.java:28)
at pagepkg.Ahampage.clear(Ahampage.java:28)
at pagepkg.Ahampage.clear(Ahampage.java:28)
at pagepkg.Ahampage.clear(Ahampage.java:28)
at pagepkg.Ahampage.clear(Ahampage.java:28)
at pagepkg.Ahampage.clear(Ahampage.java:28)
at pagepkg.Ahampage.clear(Ahampage.java:28)
at pagepkg.Ahampage.clear(Ahampage.java:28)
at pagepkg.Ahampage.clear(Ahampage.java:28)
at pagepkg.Ahampage.clear(Ahampage.java:28)
at pagepkg.Ahampage.clear(Ahampage.java:28)
at pagepkg.Ahampage.clear(Ahampage.java:28)
at pagepkg.Ahampage.clear(Ahampage.java:28)
at pagepkg.Ahampage.clear(Ahampage.java:28)
at pagepkg.Ahampage.clear(Ahampage.java:28)
at pagepkg.Ahampage.clear(Ahampage.java:28)
at pagepkg.Ahampage.clear(Ahampage.java:28)
at pagepkg.Ahampage.clear(Ahampage.java:28)
at pagepkg.Ahampage.clear(Ahampage.java:28)
at pagepkg.Ahampage.clear(Ahampage.java:28)
at pagepkg.Ahampage.clear(Ahampage.java:28)
at pagepkg.Ahampage.clear(Ahampage.java:28)
at pagepkg.Ahampage.clear(Ahampage.java:28)
at pagepkg.Ahampage.clear(Ahampage.java:28)
at pagepkg.Ahampage.clear(Ahampage.java:28)
at pagepkg.Ahampage.clear(Ahampage.java:28)
at pagepkg.Ahampage.clear(Ahampage.java:28)
at pagepkg.Ahampage.clear(Ahampage.java:28)
at pagepkg.Ahampage.clear(Ahampage.java:28)
at pagepkg.Ahampage.clear(Ahampage.java:28)
at pagepkg.Ahampage.clear(Ahampage.java:28)
at pagepkg.Ahampage.clear(Ahampage.java:28)
at pagepkg.Ahampage.clear(Ahampage.java:28)
at pagepkg.Ahampage.clear(Ahampage.java:28)
at pagepkg.Ahampage.clear(Ahampage.java:28)
at pagepkg.Ahampage.clear(Ahampage.java:28)
at pagepkg.Ahampage.clear(Ahampage.java:28)
at pagepkg.Ahampage.clear(Ahampage.java:28)
at pagepkg.Ahampage.clear(Ahampage.java:28)
at pagepkg.Ahampage.clear(Ahampage.java:28)
at pagepkg.Ahampage.clear(Ahampage.java:28)
at pagepkg.Ahampage.clear(Ahampage.java:28)
at pagepkg.Ahampage.clear(Ahampage.java:28)
at pagepkg.Ahampage.clear(Ahampage.java:28)
at pagepkg.Ahampage.clear(Ahampage.java:28)
at pagepkg.Ahampage.clear(Ahampage.java:28)
at pagepkg.Ahampage.clear(Ahampage.java:28)
at pagepkg.Ahampage.clear(Ahampage.java:28)
at pagepkg.Ahampage.clear(Ahampage.java:28)
at pagepkg.Ahampage.clear(Ahampage.java:28)
at pagepkg.Ahampage.clear(Ahampage.java:28)
at pagepkg.Ahampage.clear(Ahampage.java:28)
at pagepkg.Ahampage.clear(Ahampage.java:28)
at pagepkg.Ahampage.clear(Ahampage.java:28)
at pagepkg.Ahampage.clear(Ahampage.java:28)
at pagepkg.Ahampage.clear(Ahampage.java:28)
at pagepkg.Ahampage.clear(Ahampage.java:28)
at pagepkg.Ahampage.clear(Ahampage.java:28)
at pagepkg.Ahampage.clear(Ahampage.java:28)
at pagepkg.Ahampage.clear(Ahampage.java:28)
at pagepkg.Ahampage.clear(Ahampage.java:28)
at pagepkg.Ahampage.clear(Ahampage.java:28)
at pagepkg.Ahampage.clear(Ahampage.java:28)
at pagepkg.Ahampage.clear(Ahampage.java:28)
at pagepkg.Ahampage.clear(Ahampage.java:28)
at pagepkg.Ahampage.clear(Ahampage.java:28)
at pagepkg.Ahampage.clear(Ahampage.java:28)
at pagepkg.Ahampage.clear(Ahampage.java:28)
at pagepkg.Ahampage.clear(Ahampage.java:28)
at pagepkg.Ahampage.clear(Ahampage.java:28)
at pagepkg.Ahampage.clear(Ahampage.java:28)
at pagepkg.Ahampage.clear(Ahampage.java:28)
at pagepkg.Ahampage.clear(Ahampage.java:28)
at pagepkg.Ahampage.clear(Ahampage.java:28)
at pagepkg.Ahampage.clear(Ahampage.java:28)
at pagepkg.Ahampage.clear(Ahampage.java:28)
at pagepkg.Ahampage.clear(Ahampage.java:28)
at pagepkg.Ahampage.clear(Ahampage.java:28)
at pagepkg.Ahampage.clear(Ahampage.java:28)
at pagepkg.Ahampage.clear(Ahampage.java:28)
at pagepkg.Ahampage.clear(Ahampage.java:28)
at pagepkg.Ahampage.clear(Ahampage.java:28)
at pagepkg.Ahampage.clear(Ahampage.java:28)
at pagepkg.Ahampage.clear(Ahampage.java:28)
at pagepkg.Ahampage.clear(Ahampage.java:28)
at pagepkg.Ahampage.clear(Ahampage.java:28)
at pagepkg.Ahampage.clear(Ahampage.java:28)
at pagepkg.Ahampage.clear(Ahampage.java:28)
at pagepkg.Ahampage.clear(Ahampage.java:28)
at pagepkg.Ahampage.clear(Ahampage.java:28)
at pagepkg.Ahampage.clear(Ahampage.java:28)
at pagepkg.Ahampage.clear(Ahampage.java:28)
at pagepkg.Ahampage.clear(Ahampage.java:28)
at pagepkg.Ahampage.clear(Ahampage.java:28)
at pagepkg.Ahampage.clear(Ahampage.java:28)
at pagepkg.Ahampage.clear(Ahampage.java:28)
at pagepkg.Ahampage.clear(Ahampage.java:28)
at pagepkg.Ahampage.clear(Ahampage.java:28)
at pagepkg.Ahampage.clear(Ahampage.java:28)
at pagepkg.Ahampage.clear(Ahampage.java:28)
at pagepkg.Ahampage.clear(Ahampage.java:28)
at pagepkg.Ahampage.clear(Ahampage.java:28)
at pagepkg.Ahampage.clear(Ahampage.java:28)
at pagepkg.Ahampage.clear(Ahampage.java:28)
at pagepkg.Ahampage.clear(Ahampage.java:28)
at pagepkg.Ahampage.clear(Ahampage.java:28)
at pagepkg.Ahampage.clear(Ahampage.java:28)
at pagepkg.Ahampage.clear(Ahampage.java:28)
at pagepkg.Ahampage.clear(Ahampage.java:28)
at pagepkg.Ahampage.clear(Ahampage.java:28)
at pagepkg.Ahampage.clear(Ahampage.java:28)
at pagepkg.Ahampage.clear(Ahampage.java:28)
at pagepkg.Ahampage.clear(Ahampage.java:28)
at pagepkg.Ahampage.clear(Ahampage.java:28)
at pagepkg.Ahampage.clear(Ahampage.java:28)
at pagepkg.Ahampage.clear(Ahampage.java:28)
at pagepkg.Ahampage.clear(Ahampage.java:28)
at pagepkg.Ahampage.clear(Ahampage.java:28)
at pagepkg.Ahampage.clear(Ahampage.java:28)
at pagepkg.Ahampage.clear(Ahampage.java:28)
at pagepkg.Ahampage.clear(Ahampage.java:28)
at pagepkg.Ahampage.clear(Ahampage.java:28)
at pagepkg.Ahampage.clear(Ahampage.java:28)
at pagepkg.Ahampage.clear(Ahampage.java:28)
at pagepkg.Ahampage.clear(Ahampage.java:28)
at pagepkg.Ahampage.clear(Ahampage.java:28)
at pagepkg.Ahampage.clear(Ahampage.java:28)
at pagepkg.Ahampage.clear(Ahampage.java:28)
at pagepkg.Ahampage.clear(Ahampage.java:28)
at pagepkg.Ahampage.clear(Ahampage.java:28)
at pagepkg.Ahampage.clear(Ahampage.java:28)
at pagepkg.Ahampage.clear(Ahampage.java:28)
at pagepkg.Ahampage.clear(Ahampage.java:28)
at pagepkg.Ahampage.clear(Ahampage.java:28)
at pagepkg.Ahampage.clear(Ahampage.java:28)
at pagepkg.Ahampage.clear(Ahampage.java:28)
at pagepkg.Ahampage.clear(Ahampage.java:28)
at pagepkg.Ahampage.clear(Ahampage.java:28)
at pagepkg.Ahampage.clear(Ahampage.java:28)
at pagepkg.Ahampage.clear(Ahampage.java:28)
at pagepkg.Ahampage.clear(Ahampage.java:28)
at pagepkg.Ahampage.clear(Ahampage.java:28)
at pagepkg.Ahampage.clear(Ahampage.java:28)
at pagepkg.Ahampage.clear(Ahampage.java:28)
at pagepkg.Ahampage.clear(Ahampage.java:28)
at pagepkg.Ahampage.clear(Ahampage.java:28)
at pagepkg.Ahampage.clear(Ahampage.java:28)
at pagepkg.Ahampage.clear(Ahampage.java:28)
at pagepkg.Ahampage.clear(Ahampage.java:28)
at pagepkg.Ahampage.clear(Ahampage.java:28)
at pagepkg.Ahampage.clear(Ahampage.java:28)
at pagepkg.Ahampage.clear(Ahampage.java:28)
at pagepkg.Ahampage.clear(Ahampage.java:28)
at pagepkg.Ahampage.clear(Ahampage.java:28)
at pagepkg.Ahampage.clear(Ahampage.java:28)
at pagepkg.Ahampage.clear(Ahampage.java:28)
at pagepkg.Ahampage.clear(Ahampage.java:28)
at pagepkg.Ahampage.clear(Ahampage.java:28)
at pagepkg.Ahampage.clear(Ahampage.java:28)
at pagepkg.Ahampage.clear(Ahampage.java:28)
at pagepkg.Ahampage.clear(Ahampage.java:28)
at pagepkg.Ahampage.clear(Ahampage.java:28)
at pagepkg.Ahampage.clear(Ahampage.java:28)
at pagepkg.Ahampage.clear(Ahampage.java:28)
at pagepkg.Ahampage.clear(Ahampage.java:28)
at pagepkg.Ahampage.clear(Ahampage.java:28)
at pagepkg.Ahampage.clear(Ahampage.java:28)
at pagepkg.Ahampage.clear(Ahampage.java:28)
at pagepkg.Ahampage.clear(Ahampage.java:28)
at pagepkg.Ahampage.clear(Ahampage.java:28)
at pagepkg.Ahampage.clear(Ahampage.java:28)
at pagepkg.Ahampage.clear(Ahampage.java:28)
at pagepkg.Ahampage.clear(Ahampage.java:28)
at pagepkg.Ahampage.clear(Ahampage.java:28)
at pagepkg.Ahampage.clear(Ahampage.java:28)
at pagepkg.Ahampage.clear(Ahampage.java:28)
at pagepkg.Ahampage.clear(Ahampage.java:28)
at pagepkg.Ahampage.clear(Ahampage.java:28)
at pagepkg.Ahampage.clear(Ahampage.java:28)
at pagepkg.Ahampage.clear(Ahampage.java:28)
at pagepkg.Ahampage.clear(Ahampage.java:28)
at pagepkg.Ahampage.clear(Ahampage.java:28)
at pagepkg.Ahampage.clear(Ahampage.java:28)
at pagepkg.Ahampage.clear(Ahampage.java:28)
at pagepkg.Ahampage.clear(Ahampage.java:28)
at pagepkg.Ahampage.clear(Ahampage.java:28)
at pagepkg.Ahampage.clear(Ahampage.java:28)
at pagepkg.Ahampage.clear(Ahampage.java:28)
at pagepkg.Ahampage.clear(Ahampage.java:28)
at pagepkg.Ahampage.clear(Ahampage.java:28)
at pagepkg.Ahampage.clear(Ahampage.java:28)
at pagepkg.Ahampage.clear(Ahampage.java:28)
at pagepkg.Ahampage.clear(Ahampage.java:28)
at pagepkg.Ahampage.clear(Ahampage.java:28)
at pagepkg.Ahampage.clear(Ahampage.java:28)
at pagepkg.Ahampage.clear(Ahampage.java:28)
at pagepkg.Ahampage.clear(Ahampage.java:28)
at pagepkg.Ahampage.clear(Ahampage.java:28)
at pagepkg.Ahampage.clear(Ahampage.java:28)
at pagepkg.Ahampage.clear(Ahampage.java:28)
at pagepkg.Ahampage.clear(Ahampage.java:28)
at pagepkg.Ahampage.clear(Ahampage.java:28)
at pagepkg.Ahampage.clear(Ahampage.java:28)
at pagepkg.Ahampage.clear(Ahampage.java:28)
at pagepkg.Ahampage.clear(Ahampage.java:28)
at pagepkg.Ahampage.clear(Ahampage.java:28)
at pagepkg.Ahampage.clear(Ahampage.java:28)
at pagepkg.Ahampage.clear(Ahampage.java:28)
at pagepkg.Ahampage.clear(Ahampage.java:28)
at pagepkg.Ahampage.clear(Ahampage.java:28)
at pagepkg.Ahampage.clear(Ahampage.java:28)
at pagepkg.Ahampage.clear(Ahampage.java:28)
at pagepkg.Ahampage.clear(Ahampage.java:28)
at pagepkg.Ahampage.clear(Ahampage.java:28)
at pagepkg.Ahampage.clear(Ahampage.java:28)
at pagepkg.Ahampage.clear(Ahampage.java:28)
at pagepkg.Ahampage.clear(Ahampage.java:28)
at pagepkg.Ahampage.clear(Ahampage.java:28)
at pagepkg.Ahampage.clear(Ahampage.java:28)
at pagepkg.Ahampage.clear(Ahampage.java:28)
at pagepkg.Ahampage.clear(Ahampage.java:28)
at pagepkg.Ahampage.clear(Ahampage.java:28)
at pagepkg.Ahampage.clear(Ahampage.java:28)
at pagepkg.Ahampage.clear(Ahampage.java:28)
at pagepkg.Ahampage.clear(Ahampage.java:28)
at pagepkg.Ahampage.clear(Ahampage.java:28)
at pagepkg.Ahampage.clear(Ahampage.java:28)
at pagepkg.Ahampage.clear(Ahampage.java:28)
at pagepkg.Ahampage.clear(Ahampage.java:28)
at pagepkg.Ahampage.clear(Ahampage.java:28)
at pagepkg.Ahampage.clear(Ahampage.java:28)
at pagepkg.Ahampage.clear(Ahampage.java:28)
at pagepkg.Ahampage.clear(Ahampage.java:28)
at pagepkg.Ahampage.clear(Ahampage.java:28)
at pagepkg.Ahampage.clear(Ahampage.java:28)
at pagepkg.Ahampage.clear(Ahampage.java:28)
at pagepkg.Ahampage.clear(Ahampage.java:28)
at pagepkg.Ahampage.clear(Ahampage.java:28)
at pagepkg.Ahampage.clear(Ahampage.java:28)
at pagepkg.Ahampage.clear(Ahampage.java:28)
at pagepkg.Ahampage.clear(Ahampage.java:28)
at pagepkg.Ahampage.clear(Ahampage.java:28)
at pagepkg.Ahampage.clear(Ahampage.java:28)
at pagepkg.Ahampage.clear(Ahampage.java:28)
at pagepkg.Ahampage.clear(Ahampage.java:28)
at pagepkg.Ahampage.clear(Ahampage.java:28)
at pagepkg.Ahampage.clear(Ahampage.java:28)
at pagepkg.Ahampage.clear(Ahampage.java:28)
at pagepkg.Ahampage.clear(Ahampage.java:28)
at pagepkg.Ahampage.clear(Ahampage.java:28)
at pagepkg.Ahampage.clear(Ahampage.java:28)
at pagepkg.Ahampage.clear(Ahampage.java:28)
at pagepkg.Ahampage.clear(Ahampage.java:28)
at pagepkg.Ahampage.clear(Ahampage.java:28)
at pagepkg.Ahampage.clear(Ahampage.java:28)
at pagepkg.Ahampage.clear(Ahampage.java:28)
at pagepkg.Ahampage.clear(Ahampage.java:28)
at pagepkg.Ahampage.clear(Ahampage.java:28)
at pagepkg.Ahampage.clear(Ahampage.java:28)
at pagepkg.Ahampage.clear(Ahampage.java:28)
at pagepkg.Ahampage.clear(Ahampage.java:28)
at pagepkg.Ahampage.clear(Ahampage.java:28)
at pagepkg.Ahampage.clear(Ahampage.java:28)
at pagepkg.Ahampage.clear(Ahampage.java:28)
at pagepkg.Ahampage.clear(Ahampage.java:28)
at pagepkg.Ahampage.clear(Ahampage.java:28)
at pagepkg.Ahampage.clear(Ahampage.java:28)
at pagepkg.Ahampage.clear(Ahampage.java:28)
at pagepkg.Ahampage.clear(Ahampage.java:28)
at pagepkg.Ahampage.clear(Ahampage.java:28)
at pagepkg.Ahampage.clear(Ahampage.java:28)
at pagepkg.Ahampage.clear(Ahampage.java:28)
at pagepkg.Ahampage.clear(Ahampage.java:28)
at pagepkg.Ahampage.clear(Ahampage.java:28)
at pagepkg.Ahampage.clear(Ahampage.java:28)
at pagepkg.Ahampage.clear(Ahampage.java:28)
at pagepkg.Ahampage.clear(Ahampage.java:28)
at pagepkg.Ahampage.clear(Ahampage.java:28)
at pagepkg.Ahampage.clear(Ahampage.java:28)
at pagepkg.Ahampage.clear(Ahampage.java:28)
at pagepkg.Ahampage.clear(Ahampage.java:28)
at pagepkg.Ahampage.clear(Ahampage.java:28)
at pagepkg.Ahampage.clear(Ahampage.java:28)
at pagepkg.Ahampage.clear(Ahampage.java:28)
at pagepkg.Ahampage.clear(Ahampage.java:28)
at pagepkg.Ahampage.clear(Ahampage.java:28)
at pagepkg.Ahampage.clear(Ahampage.java:28)
at pagepkg.Ahampage.clear(Ahampage.java:28)
at pagepkg.Ahampage.clear(Ahampage.java:28)
at pagepkg.Ahampage.clear(Ahampage.java:28)
at pagepkg.Ahampage.clear(Ahampage.java:28)
at pagepkg.Ahampage.clear(Ahampage.java:28)
at pagepkg.Ahampage.clear(Ahampage.java:28)
at pagepkg.Ahampage.clear(Ahampage.java:28)
at pagepkg.Ahampage.clear(Ahampage.java:28)
at pagepkg.Ahampage.clear(Ahampage.java:28)
at pagepkg.Ahampage.clear(Ahampage.java:28)
at pagepkg.Ahampage.clear(Ahampage.java:28)
at pagepkg.Ahampage.clear(Ahampage.java:28)
at pagepkg.Ahampage.clear(Ahampage.java:28)
at pagepkg.Ahampage.clear(Ahampage.java:28)
at pagepkg.Ahampage.clear(Ahampage.java:28)
at pagepkg.Ahampage.clear(Ahampage.java:28)
at pagepkg.Ahampage.clear(Ahampage.java:28)
at pagepkg.Ahampage.clear(Ahampage.java:28)
at pagepkg.Ahampage.clear(Ahampage.java:28)
at pagepkg.Ahampage.clear(Ahampage.java:28)
at pagepkg.Ahampage.clear(Ahampage.java:28)
at pagepkg.Ahampage.clear(Ahampage.java:28)
at pagepkg.Ahampage.clear(Ahampage.java:28)
at pagepkg.Ahampage.clear(Ahampage.java:28)
at pagepkg.Ahampage.clear(Ahampage.java:28)
at pagepkg.Ahampage.clear(Ahampage.java:28)
at pagepkg.Ahampage.clear(Ahampage.java:28)
at pagepkg.Ahampage.clear(Ahampage.java:28)
at pagepkg.Ahampage.clear(Ahampage.java:28)
at pagepkg.Ahampage.clear(Ahampage.java:28)
at pagepkg.Ahampage.clear(Ahampage.java:28)
at pagepkg.Ahampage.clear(Ahampage.java:28)
at pagepkg.Ahampage.clear(Ahampage.java:28)
at pagepkg.Ahampage.clear(Ahampage.java:28)
at pagepkg.Ahampage.clear(Ahampage.java:28)
at pagepkg.Ahampage.clear(Ahampage.java:28)
at pagepkg.Ahampage.clear(Ahampage.java:28)
at pagepkg.Ahampage.clear(Ahampage.java:28)
at pagepkg.Ahampage.clear(Ahampage.java:28)
at pagepkg.Ahampage.clear(Ahampage.java:28)
at pagepkg.Ahampage.clear(Ahampage.java:28)
at pagepkg.Ahampage.clear(Ahampage.java:28)
at pagepkg.Ahampage.clear(Ahampage.java:28)
at pagepkg.Ahampage.clear(Ahampage.java:28)
at pagepkg.Ahampage.clear(Ahampage.java:28)
at pagepkg.Ahampage.clear(Ahampage.java:28)
at pagepkg.Ahampage.clear(Ahampage.java:28)
at pagepkg.Ahampage.clear(Ahampage.java:28)
at pagepkg.Ahampage.clear(Ahampage.java:28)
at pagepkg.Ahampage.clear(Ahampage.java:28)
at pagepkg.Ahampage.clear(Ahampage.java:28)
at pagepkg.Ahampage.clear(Ahampage.java:28)
at pagepkg.Ahampage.clear(Ahampage.java:28)
at pagepkg.Ahampage.clear(Ahampage.java:28)
at pagepkg.Ahampage.clear(Ahampage.java:28)
at pagepkg.Ahampage.clear(Ahampage.java:28)
at pagepkg.Ahampage.clear(Ahampage.java:28)
at pagepkg.Ahampage.clear(Ahampage.java:28)
at pagepkg.Ahampage.clear(Ahampage.java:28)
at pagepkg.Ahampage.clear(Ahampage.java:28)
at pagepkg.Ahampage.clear(Ahampage.java:28)
at pagepkg.Ahampage.clear(Ahampage.java:28)
at pagepkg.Ahampage.clear(Ahampage.java:28)
at pagepkg.Ahampage.clear(Ahampage.java:28)
at pagepkg.Ahampage.clear(Ahampage.java:28)
at pagepkg.Ahampage.clear(Ahampage.java:28)
at pagepkg.Ahampage.clear(Ahampage.java:28)
at pagepkg.Ahampage.clear(Ahampage.java:28)
at pagepkg.Ahampage.clear(Ahampage.java:28)
at pagepkg.Ahampage.clear(Ahampage.java:28)
at pagepkg.Ahampage.clear(Ahampage.java:28)
at pagepkg.Ahampage.clear(Ahampage.java:28)
at pagepkg.Ahampage.clear(Ahampage.java:28)
at pagepkg.Ahampage.clear(Ahampage.java:28)
at pagepkg.Ahampage.clear(Ahampage.java:28)
at pagepkg.Ahampage.clear(Ahampage.java:28)
at pagepkg.Ahampage.clear(Ahampage.java:28)
at pagepkg.Ahampage.clear(Ahampage.java:28)
at pagepkg.Ahampage.clear(Ahampage.java:28)
at pagepkg.Ahampage.clear(Ahampage.java:28)
at pagepkg.Ahampage.clear(Ahampage.java:28)
at pagepkg.Ahampage.clear(Ahampage.java:28)
at pagepkg.Ahampage.clear(Ahampage.java:28)
at pagepkg.Ahampage.clear(Ahampage.java:28)
at pagepkg.Ahampage.clear(Ahampage.java:28)
at pagepkg.Ahampage.clear(Ahampage.java:28)
at pagepkg.Ahampage.clear(Ahampage.java:28)
at pagepkg.Ahampage.clear(Ahampage.java:28)
at pagepkg.Ahampage.clear(Ahampage.java:28)
at pagepkg.Ahampage.clear(Ahampage.java:28)
at pagepkg.Ahampage.clear(Ahampage.java:28)
at pagepkg.Ahampage.clear(Ahampage.java:28)
at pagepkg.Ahampage.clear(Ahampage.java:28)
at pagepkg.Ahampage.clear(Ahampage.java:28)
at pagepkg.Ahampage.clear(Ahampage.java:28)
at pagepkg.Ahampage.clear(Ahampage.java:28)
at pagepkg.Ahampage.clear(Ahampage.java:28)
at pagepkg.Ahampage.clear(Ahampage.java:28)
at pagepkg.Ahampage.clear(Ahampage.java:28)
at pagepkg.Ahampage.clear(Ahampage.java:28)
at pagepkg.Ahampage.clear(Ahampage.java:28)
at pagepkg.Ahampage.clear(Ahampage.java:28)
at pagepkg.Ahampage.clear(Ahampage.java:28)
at pagepkg.Ahampage.clear(Ahampage.java:28)
at pagepkg.Ahampage.clear(Ahampage.java:28)
at pagepkg.Ahampage.clear(Ahampage.java:28)
at pagepkg.Ahampage.clear(Ahampage.java:28)
at pagepkg.Ahampage.clear(Ahampage.java:28)
at pagepkg.Ahampage.clear(Ahampage.java:28)
at pagepkg.Ahampage.clear(Ahampage.java:28)
at pagepkg.Ahampage.clear(Ahampage.java:28)
at pagepkg.Ahampage.clear(Ahampage.java:28)
at pagepkg.Ahampage.clear(Ahampage.java:28)
at pagepkg.Ahampage.clear(Ahampage.java:28)
at pagepkg.Ahampage.clear(Ahampage.java:28)
at pagepkg.Ahampage.clear(Ahampage.java:28)
at pagepkg.Ahampage.clear(Ahampage.java:28)
at pagepkg.Ahampage.clear(Ahampage.java:28)
at pagepkg.Ahampage.clear(Ahampage.java:28)
at pagepkg.Ahampage.clear(Ahampage.java:28)
at pagepkg.Ahampage.clear(Ahampage.java:28)
at pagepkg.Ahampage.clear(Ahampage.java:28)
at pagepkg.Ahampage.clear(Ahampage.java:28)
at pagepkg.Ahampage.clear(Ahampage.java:28)
at pagepkg.Ahampage.clear(Ahampage.java:28)
at pagepkg.Ahampage.clear(Ahampage.java:28)
at pagepkg.Ahampage.clear(Ahampage.java:28)
at pagepkg.Ahampage.clear(Ahampage.java:28)
at pagepkg.Ahampage.clear(Ahampage.java:28)
at pagepkg.Ahampage.clear(Ahampage.java:28)
at pagepkg.Ahampage.clear(Ahampage.java:28)
at pagepkg.Ahampage.clear(Ahampage.java:28)
at pagepkg.Ahampage.clear(Ahampage.java:28)
at pagepkg.Ahampage.clear(Ahampage.java:28)
at pagepkg.Ahampage.clear(Ahampage.java:28)
at pagepkg.Ahampage.clear(Ahampage.java:28)
at pagepkg.Ahampage.clear(Ahampage.java:28)
at pagepkg.Ahampage.clear(Ahampage.java:28)
at pagepkg.Ahampage.clear(Ahampage.java:28)
at pagepkg.Ahampage.clear(Ahampage.java:28)
at pagepkg.Ahampage.clear(Ahampage.java:28)
at pagepkg.Ahampage.clear(Ahampage.java:28)
at pagepkg.Ahampage.clear(Ahampage.java:28)
at pagepkg.Ahampage.clear(Ahampage.java:28)
at pagepkg.Ahampage.clear(Ahampage.java:28)
at pagepkg.Ahampage.clear(Ahampage.java:28)
at pagepkg.Ahampage.clear(Ahampage.java:28)
at pagepkg.Ahampage.clear(Ahampage.java:28)
at pagepkg.Ahampage.clear(Ahampage.java:28)
at pagepkg.Ahampage.clear(Ahampage.java:28)
at pagepkg.Ahampage.clear(Ahampage.java:28)
at pagepkg.Ahampage.clear(Ahampage.java:28)
at pagepkg.Ahampage.clear(Ahampage.java:28)
at pagepkg.Ahampage.clear(Ahampage.java:28)
at pagepkg.Ahampage.clear(Ahampage.java:28)
at pagepkg.Ahampage.clear(Ahampage.java:28)
at pagepkg.Ahampage.clear(Ahampage.java:28)
at pagepkg.Ahampage.clear(Ahampage.java:28)
at pagepkg.Ahampage.clear(Ahampage.java:28)
at pagepkg.Ahampage.clear(Ahampage.java:28)
at pagepkg.Ahampage.clear(Ahampage.java:28)
at pagepkg.Ahampage.clear(Ahampage.java:28)
at pagepkg.Ahampage.clear(Ahampage.java:28)
at pagepkg.Ahampage.clear(Ahampage.java:28)
at pagepkg.Ahampage.clear(Ahampage.java:28)
at pagepkg.Ahampage.clear(Ahampage.java:28)
at pagepkg.Ahampage.clear(Ahampage.java:28)
at pagepkg.Ahampage.clear(Ahampage.java:28)
at pagepkg.Ahampage.clear(Ahampage.java:28)
at pagepkg.Ahampage.clear(Ahampage.java:28)
at pagepkg.Ahampage.clear(Ahampage.java:28)
at pagepkg.Ahampage.clear(Ahampage.java:28)
at pagepkg.Ahampage.clear(Ahampage.java:28)
at pagepkg.Ahampage.clear(Ahampage.java:28)
at pagepkg.Ahampage.clear(Ahampage.java:28)
at pagepkg.Ahampage.clear(Ahampage.java:28)
at pagepkg.Ahampage.clear(Ahampage.java:28)
at pagepkg.Ahampage.clear(Ahampage.java:28)
at pagepkg.Ahampage.clear(Ahampage.java:28)
at pagepkg.Ahampage.clear(Ahampage.java:28)
at pagepkg.Ahampage.clear(Ahampage.java:28)
at pagepkg.Ahampage.clear(Ahampage.java:28)
at pagepkg.Ahampage.clear(Ahampage.java:28)
at pagepkg.Ahampage.clear(Ahampage.java:28)
at pagepkg.Ahampage.clear(Ahampage.java:28)
at pagepkg.Ahampage.clear(Ahampage.java:28)
at pagepkg.Ahampage.clear(Ahampage.java:28)
at pagepkg.Ahampage.clear(Ahampage.java:28)
at pagepkg.Ahampage.clear(Ahampage.java:28)
at pagepkg.Ahampage.clear(Ahampage.java:28)
at pagepkg.Ahampage.clear(Ahampage.java:28)
at pagepkg.Ahampage.clear(Ahampage.java:28)
at pagepkg.Ahampage.clear(Ahampage.java:28)
at pagepkg.Ahampage.clear(Ahampage.java:28)
at pagepkg.Ahampage.clear(Ahampage.java:28)
at pagepkg.Ahampage.clear(Ahampage.java:28)
at pagepkg.Ahampage.clear(Ahampage.java:28)
at pagepkg.Ahampage.clear(Ahampage.java:28)
at pagepkg.Ahampage.clear(Ahampage.java:28)
at pagepkg.Ahampage.clear(Ahampage.java:28)
at pagepkg.Ahampage.clear(Ahampage.java:28)
at pagepkg.Ahampage.clear(Ahampage.java:28)
at pagepkg.Ahampage.clear(Ahampage.java:28)
at pagepkg.Ahampage.clear(Ahampage.java:28)
]]>
    </error>
  </testcase> <!-- login -->
</testsuite> <!-- testpkg.Ahamtest -->
